[2022-07-01 22:18:19,148] {processor.py:153} INFO - Started process (PID=34) to work on /opt/airflow/dags/my_data.py
[2022-07-01 22:18:19,156] {processor.py:641} INFO - Processing file /opt/airflow/dags/my_data.py for tasks to queue
[2022-07-01 22:18:19,159] {logging_mixin.py:115} INFO - [2022-07-01 22:18:19,159] {dagbag.py:507} INFO - Filling up the DagBag from /opt/airflow/dags/my_data.py
[2022-07-01 22:18:19,202] {logging_mixin.py:115} INFO - [2022-07-01 22:18:19,200] {dagbag.py:320} ERROR - Failed to import: /opt/airflow/dags/my_data.py
Traceback (most recent call last):
  File "/home/airflow/.local/lib/python3.7/site-packages/airflow/models/dagbag.py", line 317, in parse
    loader.exec_module(new_module)
  File "<frozen importlib._bootstrap_external>", line 728, in exec_module
  File "<frozen importlib._bootstrap>", line 219, in _call_with_frames_removed
  File "/opt/airflow/dags/my_data.py", line 24, in <module>
    catchup=False) as dag:
  File "/home/airflow/.local/lib/python3.7/site-packages/airflow/models/dag.py", line 388, in __init__
    if start_date and start_date.tzinfo:
AttributeError: 'builtin_function_or_method' object has no attribute 'tzinfo'
[2022-07-01 22:18:19,204] {processor.py:653} WARNING - No viable dags retrieved from /opt/airflow/dags/my_data.py
[2022-07-01 22:18:19,237] {processor.py:161} INFO - Processing /opt/airflow/dags/my_data.py took 0.091 seconds
[2022-07-01 22:18:49,322] {processor.py:153} INFO - Started process (PID=61) to work on /opt/airflow/dags/my_data.py
[2022-07-01 22:18:49,323] {processor.py:641} INFO - Processing file /opt/airflow/dags/my_data.py for tasks to queue
[2022-07-01 22:18:49,324] {logging_mixin.py:115} INFO - [2022-07-01 22:18:49,324] {dagbag.py:507} INFO - Filling up the DagBag from /opt/airflow/dags/my_data.py
[2022-07-01 22:18:49,357] {logging_mixin.py:115} INFO - [2022-07-01 22:18:49,353] {dagbag.py:320} ERROR - Failed to import: /opt/airflow/dags/my_data.py
Traceback (most recent call last):
  File "/home/airflow/.local/lib/python3.7/site-packages/airflow/models/dagbag.py", line 317, in parse
    loader.exec_module(new_module)
  File "<frozen importlib._bootstrap_external>", line 728, in exec_module
  File "<frozen importlib._bootstrap>", line 219, in _call_with_frames_removed
  File "/opt/airflow/dags/my_data.py", line 24, in <module>
    catchup=False) as dag:
  File "/home/airflow/.local/lib/python3.7/site-packages/airflow/models/dag.py", line 388, in __init__
    if start_date and start_date.tzinfo:
AttributeError: 'builtin_function_or_method' object has no attribute 'tzinfo'
[2022-07-01 22:18:49,358] {processor.py:653} WARNING - No viable dags retrieved from /opt/airflow/dags/my_data.py
[2022-07-01 22:18:49,377] {processor.py:161} INFO - Processing /opt/airflow/dags/my_data.py took 0.060 seconds
[2022-07-01 22:19:08,439] {processor.py:153} INFO - Started process (PID=82) to work on /opt/airflow/dags/my_data.py
[2022-07-01 22:19:08,442] {processor.py:641} INFO - Processing file /opt/airflow/dags/my_data.py for tasks to queue
[2022-07-01 22:19:08,445] {logging_mixin.py:115} INFO - [2022-07-01 22:19:08,445] {dagbag.py:507} INFO - Filling up the DagBag from /opt/airflow/dags/my_data.py
[2022-07-01 22:19:08,490] {logging_mixin.py:115} INFO - [2022-07-01 22:19:08,481] {dagbag.py:320} ERROR - Failed to import: /opt/airflow/dags/my_data.py
Traceback (most recent call last):
  File "/home/airflow/.local/lib/python3.7/site-packages/airflow/models/dagbag.py", line 317, in parse
    loader.exec_module(new_module)
  File "<frozen importlib._bootstrap_external>", line 728, in exec_module
  File "<frozen importlib._bootstrap>", line 219, in _call_with_frames_removed
  File "/opt/airflow/dags/my_data.py", line 24, in <module>
    catchup=False) as dag:
  File "/home/airflow/.local/lib/python3.7/site-packages/airflow/models/dag.py", line 388, in __init__
    if start_date and start_date.tzinfo:
AttributeError: 'builtin_function_or_method' object has no attribute 'tzinfo'
[2022-07-01 22:19:08,492] {processor.py:653} WARNING - No viable dags retrieved from /opt/airflow/dags/my_data.py
[2022-07-01 22:19:08,526] {processor.py:161} INFO - Processing /opt/airflow/dags/my_data.py took 0.094 seconds
[2022-07-01 22:19:10,512] {processor.py:153} INFO - Started process (PID=83) to work on /opt/airflow/dags/my_data.py
[2022-07-01 22:19:10,514] {processor.py:641} INFO - Processing file /opt/airflow/dags/my_data.py for tasks to queue
[2022-07-01 22:19:10,516] {logging_mixin.py:115} INFO - [2022-07-01 22:19:10,516] {dagbag.py:507} INFO - Filling up the DagBag from /opt/airflow/dags/my_data.py
[2022-07-01 22:19:10,546] {logging_mixin.py:115} INFO - [2022-07-01 22:19:10,543] {dagbag.py:320} ERROR - Failed to import: /opt/airflow/dags/my_data.py
Traceback (most recent call last):
  File "/home/airflow/.local/lib/python3.7/site-packages/airflow/models/dagbag.py", line 317, in parse
    loader.exec_module(new_module)
  File "<frozen importlib._bootstrap_external>", line 728, in exec_module
  File "<frozen importlib._bootstrap>", line 219, in _call_with_frames_removed
  File "/opt/airflow/dags/my_data.py", line 24, in <module>
    catchup=False) as dag:
  File "/home/airflow/.local/lib/python3.7/site-packages/airflow/models/dag.py", line 388, in __init__
    if start_date and start_date.tzinfo:
AttributeError: 'builtin_function_or_method' object has no attribute 'tzinfo'
[2022-07-01 22:19:10,546] {processor.py:653} WARNING - No viable dags retrieved from /opt/airflow/dags/my_data.py
[2022-07-01 22:19:10,562] {processor.py:161} INFO - Processing /opt/airflow/dags/my_data.py took 0.056 seconds
[2022-07-01 22:19:15,594] {processor.py:153} INFO - Started process (PID=84) to work on /opt/airflow/dags/my_data.py
[2022-07-01 22:19:15,597] {processor.py:641} INFO - Processing file /opt/airflow/dags/my_data.py for tasks to queue
[2022-07-01 22:19:15,599] {logging_mixin.py:115} INFO - [2022-07-01 22:19:15,599] {dagbag.py:507} INFO - Filling up the DagBag from /opt/airflow/dags/my_data.py
[2022-07-01 22:19:15,629] {logging_mixin.py:115} INFO - [2022-07-01 22:19:15,627] {dagbag.py:320} ERROR - Failed to import: /opt/airflow/dags/my_data.py
Traceback (most recent call last):
  File "/home/airflow/.local/lib/python3.7/site-packages/airflow/models/dagbag.py", line 317, in parse
    loader.exec_module(new_module)
  File "<frozen importlib._bootstrap_external>", line 728, in exec_module
  File "<frozen importlib._bootstrap>", line 219, in _call_with_frames_removed
  File "/opt/airflow/dags/my_data.py", line 24, in <module>
    catchup=False) as dag:
  File "/home/airflow/.local/lib/python3.7/site-packages/airflow/models/dag.py", line 388, in __init__
    if start_date and start_date.tzinfo:
AttributeError: 'builtin_function_or_method' object has no attribute 'tzinfo'
[2022-07-01 22:19:15,630] {processor.py:653} WARNING - No viable dags retrieved from /opt/airflow/dags/my_data.py
[2022-07-01 22:19:15,645] {processor.py:161} INFO - Processing /opt/airflow/dags/my_data.py took 0.056 seconds
[2022-07-01 22:19:17,632] {processor.py:153} INFO - Started process (PID=85) to work on /opt/airflow/dags/my_data.py
[2022-07-01 22:19:17,634] {processor.py:641} INFO - Processing file /opt/airflow/dags/my_data.py for tasks to queue
[2022-07-01 22:19:17,635] {logging_mixin.py:115} INFO - [2022-07-01 22:19:17,635] {dagbag.py:507} INFO - Filling up the DagBag from /opt/airflow/dags/my_data.py
[2022-07-01 22:19:17,656] {logging_mixin.py:115} INFO - [2022-07-01 22:19:17,654] {dagbag.py:320} ERROR - Failed to import: /opt/airflow/dags/my_data.py
Traceback (most recent call last):
  File "/home/airflow/.local/lib/python3.7/site-packages/airflow/models/dagbag.py", line 317, in parse
    loader.exec_module(new_module)
  File "<frozen importlib._bootstrap_external>", line 728, in exec_module
  File "<frozen importlib._bootstrap>", line 219, in _call_with_frames_removed
  File "/opt/airflow/dags/my_data.py", line 24, in <module>
    catchup=False) as dag:
  File "/home/airflow/.local/lib/python3.7/site-packages/airflow/models/dag.py", line 388, in __init__
    if start_date and start_date.tzinfo:
AttributeError: 'builtin_function_or_method' object has no attribute 'tzinfo'
[2022-07-01 22:19:17,659] {processor.py:653} WARNING - No viable dags retrieved from /opt/airflow/dags/my_data.py
[2022-07-01 22:19:17,675] {processor.py:161} INFO - Processing /opt/airflow/dags/my_data.py took 0.045 seconds
[2022-07-01 22:19:36,782] {processor.py:153} INFO - Started process (PID=109) to work on /opt/airflow/dags/my_data.py
[2022-07-01 22:19:36,783] {processor.py:641} INFO - Processing file /opt/airflow/dags/my_data.py for tasks to queue
[2022-07-01 22:19:36,785] {logging_mixin.py:115} INFO - [2022-07-01 22:19:36,785] {dagbag.py:507} INFO - Filling up the DagBag from /opt/airflow/dags/my_data.py
[2022-07-01 22:19:36,809] {logging_mixin.py:115} INFO - [2022-07-01 22:19:36,806] {dagbag.py:320} ERROR - Failed to import: /opt/airflow/dags/my_data.py
Traceback (most recent call last):
  File "/home/airflow/.local/lib/python3.7/site-packages/airflow/models/dagbag.py", line 317, in parse
    loader.exec_module(new_module)
  File "<frozen importlib._bootstrap_external>", line 728, in exec_module
  File "<frozen importlib._bootstrap>", line 219, in _call_with_frames_removed
  File "/opt/airflow/dags/my_data.py", line 24, in <module>
    catchup=False) as dag:
  File "/home/airflow/.local/lib/python3.7/site-packages/airflow/models/dag.py", line 388, in __init__
    if start_date and start_date.tzinfo:
AttributeError: 'builtin_function_or_method' object has no attribute 'tzinfo'
[2022-07-01 22:19:36,810] {processor.py:653} WARNING - No viable dags retrieved from /opt/airflow/dags/my_data.py
[2022-07-01 22:19:36,825] {processor.py:161} INFO - Processing /opt/airflow/dags/my_data.py took 0.047 seconds
[2022-07-01 22:20:06,932] {processor.py:153} INFO - Started process (PID=147) to work on /opt/airflow/dags/my_data.py
[2022-07-01 22:20:06,934] {processor.py:641} INFO - Processing file /opt/airflow/dags/my_data.py for tasks to queue
[2022-07-01 22:20:06,934] {logging_mixin.py:115} INFO - [2022-07-01 22:20:06,934] {dagbag.py:507} INFO - Filling up the DagBag from /opt/airflow/dags/my_data.py
[2022-07-01 22:20:06,947] {logging_mixin.py:115} INFO - [2022-07-01 22:20:06,946] {dagbag.py:320} ERROR - Failed to import: /opt/airflow/dags/my_data.py
Traceback (most recent call last):
  File "/home/airflow/.local/lib/python3.7/site-packages/airflow/models/dagbag.py", line 317, in parse
    loader.exec_module(new_module)
  File "<frozen importlib._bootstrap_external>", line 728, in exec_module
  File "<frozen importlib._bootstrap>", line 219, in _call_with_frames_removed
  File "/opt/airflow/dags/my_data.py", line 24, in <module>
    catchup=False) as dag:
  File "/home/airflow/.local/lib/python3.7/site-packages/airflow/models/dag.py", line 388, in __init__
    if start_date and start_date.tzinfo:
AttributeError: 'builtin_function_or_method' object has no attribute 'tzinfo'
[2022-07-01 22:20:06,948] {processor.py:653} WARNING - No viable dags retrieved from /opt/airflow/dags/my_data.py
[2022-07-01 22:20:06,962] {processor.py:161} INFO - Processing /opt/airflow/dags/my_data.py took 0.034 seconds
[2022-07-01 22:20:37,109] {processor.py:153} INFO - Started process (PID=178) to work on /opt/airflow/dags/my_data.py
[2022-07-01 22:20:37,111] {processor.py:641} INFO - Processing file /opt/airflow/dags/my_data.py for tasks to queue
[2022-07-01 22:20:37,113] {logging_mixin.py:115} INFO - [2022-07-01 22:20:37,113] {dagbag.py:507} INFO - Filling up the DagBag from /opt/airflow/dags/my_data.py
[2022-07-01 22:20:37,130] {logging_mixin.py:115} INFO - [2022-07-01 22:20:37,127] {dagbag.py:320} ERROR - Failed to import: /opt/airflow/dags/my_data.py
Traceback (most recent call last):
  File "/home/airflow/.local/lib/python3.7/site-packages/airflow/models/dagbag.py", line 317, in parse
    loader.exec_module(new_module)
  File "<frozen importlib._bootstrap_external>", line 728, in exec_module
  File "<frozen importlib._bootstrap>", line 219, in _call_with_frames_removed
  File "/opt/airflow/dags/my_data.py", line 24, in <module>
    catchup=False) as dag:
  File "/home/airflow/.local/lib/python3.7/site-packages/airflow/models/dag.py", line 388, in __init__
    if start_date and start_date.tzinfo:
AttributeError: 'builtin_function_or_method' object has no attribute 'tzinfo'
[2022-07-01 22:20:37,134] {processor.py:653} WARNING - No viable dags retrieved from /opt/airflow/dags/my_data.py
[2022-07-01 22:20:37,153] {processor.py:161} INFO - Processing /opt/airflow/dags/my_data.py took 0.049 seconds
[2022-07-01 22:21:03,262] {processor.py:153} INFO - Started process (PID=200) to work on /opt/airflow/dags/my_data.py
[2022-07-01 22:21:03,265] {processor.py:641} INFO - Processing file /opt/airflow/dags/my_data.py for tasks to queue
[2022-07-01 22:21:03,267] {logging_mixin.py:115} INFO - [2022-07-01 22:21:03,267] {dagbag.py:507} INFO - Filling up the DagBag from /opt/airflow/dags/my_data.py
[2022-07-01 22:21:03,322] {processor.py:651} INFO - DAG(s) dict_keys(['test']) retrieved from /opt/airflow/dags/my_data.py
[2022-07-01 22:21:03,677] {logging_mixin.py:115} INFO - [2022-07-01 22:21:03,677] {manager.py:508} INFO - Created Permission View: can delete on DAG:test
[2022-07-01 22:21:03,683] {logging_mixin.py:115} INFO - [2022-07-01 22:21:03,683] {manager.py:508} INFO - Created Permission View: can edit on DAG:test
[2022-07-01 22:21:03,688] {logging_mixin.py:115} INFO - [2022-07-01 22:21:03,688] {manager.py:508} INFO - Created Permission View: can read on DAG:test
[2022-07-01 22:21:03,689] {logging_mixin.py:115} INFO - [2022-07-01 22:21:03,689] {dag.py:2379} INFO - Sync 1 DAGs
[2022-07-01 22:21:03,693] {logging_mixin.py:115} INFO - [2022-07-01 22:21:03,693] {dag.py:2398} INFO - Creating ORM DAG for test
[2022-07-01 22:21:03,700] {logging_mixin.py:115} INFO - [2022-07-01 22:21:03,700] {dag.py:2931} INFO - Setting next_dagrun for test to 2022-06-30T00:00:00+00:00, run_after=2022-07-01T00:00:00+00:00
[2022-07-01 22:21:03,709] {processor.py:161} INFO - Processing /opt/airflow/dags/my_data.py took 0.454 seconds
[2022-07-01 22:21:06,304] {processor.py:153} INFO - Started process (PID=201) to work on /opt/airflow/dags/my_data.py
[2022-07-01 22:21:06,306] {processor.py:641} INFO - Processing file /opt/airflow/dags/my_data.py for tasks to queue
[2022-07-01 22:21:06,308] {logging_mixin.py:115} INFO - [2022-07-01 22:21:06,308] {dagbag.py:507} INFO - Filling up the DagBag from /opt/airflow/dags/my_data.py
[2022-07-01 22:21:06,342] {processor.py:651} INFO - DAG(s) dict_keys(['test']) retrieved from /opt/airflow/dags/my_data.py
[2022-07-01 22:21:06,353] {logging_mixin.py:115} INFO - [2022-07-01 22:21:06,353] {dag.py:2379} INFO - Sync 1 DAGs
[2022-07-01 22:21:06,372] {logging_mixin.py:115} INFO - [2022-07-01 22:21:06,371] {dag.py:2931} INFO - Setting next_dagrun for test to 2022-06-30T00:00:00+00:00, run_after=2022-07-01T00:00:00+00:00
[2022-07-01 22:21:06,385] {processor.py:161} INFO - Processing /opt/airflow/dags/my_data.py took 0.086 seconds
[2022-07-01 22:21:08,335] {processor.py:153} INFO - Started process (PID=202) to work on /opt/airflow/dags/my_data.py
[2022-07-01 22:21:08,339] {processor.py:641} INFO - Processing file /opt/airflow/dags/my_data.py for tasks to queue
[2022-07-01 22:21:08,342] {logging_mixin.py:115} INFO - [2022-07-01 22:21:08,342] {dagbag.py:507} INFO - Filling up the DagBag from /opt/airflow/dags/my_data.py
[2022-07-01 22:21:08,369] {processor.py:651} INFO - DAG(s) dict_keys(['test']) retrieved from /opt/airflow/dags/my_data.py
[2022-07-01 22:21:08,379] {logging_mixin.py:115} INFO - [2022-07-01 22:21:08,379] {dag.py:2379} INFO - Sync 1 DAGs
[2022-07-01 22:21:08,393] {logging_mixin.py:115} INFO - [2022-07-01 22:21:08,393] {dag.py:2931} INFO - Setting next_dagrun for test to 2022-07-01T00:00:00+00:00, run_after=2022-07-02T00:00:00+00:00
[2022-07-01 22:21:08,403] {processor.py:161} INFO - Processing /opt/airflow/dags/my_data.py took 0.072 seconds
[2022-07-01 22:21:38,580] {processor.py:153} INFO - Started process (PID=235) to work on /opt/airflow/dags/my_data.py
[2022-07-01 22:21:38,583] {processor.py:641} INFO - Processing file /opt/airflow/dags/my_data.py for tasks to queue
[2022-07-01 22:21:38,585] {logging_mixin.py:115} INFO - [2022-07-01 22:21:38,585] {dagbag.py:507} INFO - Filling up the DagBag from /opt/airflow/dags/my_data.py
[2022-07-01 22:21:38,611] {processor.py:651} INFO - DAG(s) dict_keys(['test']) retrieved from /opt/airflow/dags/my_data.py
[2022-07-01 22:21:38,788] {logging_mixin.py:115} INFO - [2022-07-01 22:21:38,788] {dag.py:2379} INFO - Sync 1 DAGs
[2022-07-01 22:21:38,799] {logging_mixin.py:115} INFO - [2022-07-01 22:21:38,799] {dag.py:2931} INFO - Setting next_dagrun for test to 2022-07-01T00:00:00+00:00, run_after=2022-07-02T00:00:00+00:00
[2022-07-01 22:21:38,806] {processor.py:161} INFO - Processing /opt/airflow/dags/my_data.py took 0.233 seconds
[2022-07-01 22:22:08,951] {processor.py:153} INFO - Started process (PID=268) to work on /opt/airflow/dags/my_data.py
[2022-07-01 22:22:08,954] {processor.py:641} INFO - Processing file /opt/airflow/dags/my_data.py for tasks to queue
[2022-07-01 22:22:08,956] {logging_mixin.py:115} INFO - [2022-07-01 22:22:08,956] {dagbag.py:507} INFO - Filling up the DagBag from /opt/airflow/dags/my_data.py
[2022-07-01 22:22:08,979] {processor.py:651} INFO - DAG(s) dict_keys(['test']) retrieved from /opt/airflow/dags/my_data.py
[2022-07-01 22:22:09,003] {logging_mixin.py:115} INFO - [2022-07-01 22:22:09,003] {dag.py:2379} INFO - Sync 1 DAGs
[2022-07-01 22:22:09,027] {logging_mixin.py:115} INFO - [2022-07-01 22:22:09,027] {dag.py:2931} INFO - Setting next_dagrun for test to 2022-07-01T00:00:00+00:00, run_after=2022-07-02T00:00:00+00:00
[2022-07-01 22:22:09,141] {processor.py:161} INFO - Processing /opt/airflow/dags/my_data.py took 0.197 seconds
[2022-07-01 22:22:39,299] {processor.py:153} INFO - Started process (PID=301) to work on /opt/airflow/dags/my_data.py
[2022-07-01 22:22:39,303] {processor.py:641} INFO - Processing file /opt/airflow/dags/my_data.py for tasks to queue
[2022-07-01 22:22:39,309] {logging_mixin.py:115} INFO - [2022-07-01 22:22:39,309] {dagbag.py:507} INFO - Filling up the DagBag from /opt/airflow/dags/my_data.py
[2022-07-01 22:22:39,331] {processor.py:651} INFO - DAG(s) dict_keys(['test']) retrieved from /opt/airflow/dags/my_data.py
[2022-07-01 22:22:39,361] {logging_mixin.py:115} INFO - [2022-07-01 22:22:39,361] {dag.py:2379} INFO - Sync 1 DAGs
[2022-07-01 22:22:39,378] {logging_mixin.py:115} INFO - [2022-07-01 22:22:39,378] {dag.py:2931} INFO - Setting next_dagrun for test to 2022-07-01T00:00:00+00:00, run_after=2022-07-02T00:00:00+00:00
[2022-07-01 22:22:39,517] {processor.py:161} INFO - Processing /opt/airflow/dags/my_data.py took 0.224 seconds
[2022-07-01 22:22:59,403] {processor.py:153} INFO - Started process (PID=324) to work on /opt/airflow/dags/my_data.py
[2022-07-01 22:22:59,405] {processor.py:641} INFO - Processing file /opt/airflow/dags/my_data.py for tasks to queue
[2022-07-01 22:22:59,406] {logging_mixin.py:115} INFO - [2022-07-01 22:22:59,406] {dagbag.py:507} INFO - Filling up the DagBag from /opt/airflow/dags/my_data.py
[2022-07-01 22:22:59,428] {processor.py:651} INFO - DAG(s) dict_keys(['test']) retrieved from /opt/airflow/dags/my_data.py
[2022-07-01 22:22:59,448] {logging_mixin.py:115} INFO - [2022-07-01 22:22:59,448] {dag.py:2379} INFO - Sync 1 DAGs
[2022-07-01 22:22:59,467] {logging_mixin.py:115} INFO - [2022-07-01 22:22:59,467] {dag.py:2931} INFO - Setting next_dagrun for test to 2022-07-01T00:00:00+00:00, run_after=2022-07-02T00:00:00+00:00
[2022-07-01 22:22:59,586] {processor.py:161} INFO - Processing /opt/airflow/dags/my_data.py took 0.188 seconds
[2022-07-01 22:23:04,459] {processor.py:153} INFO - Started process (PID=325) to work on /opt/airflow/dags/my_data.py
[2022-07-01 22:23:04,461] {processor.py:641} INFO - Processing file /opt/airflow/dags/my_data.py for tasks to queue
[2022-07-01 22:23:04,463] {logging_mixin.py:115} INFO - [2022-07-01 22:23:04,462] {dagbag.py:507} INFO - Filling up the DagBag from /opt/airflow/dags/my_data.py
[2022-07-01 22:23:04,493] {processor.py:651} INFO - DAG(s) dict_keys(['test']) retrieved from /opt/airflow/dags/my_data.py
[2022-07-01 22:23:04,510] {logging_mixin.py:115} INFO - [2022-07-01 22:23:04,510] {dag.py:2379} INFO - Sync 1 DAGs
[2022-07-01 22:23:04,524] {logging_mixin.py:115} INFO - [2022-07-01 22:23:04,524] {dag.py:2931} INFO - Setting next_dagrun for test to 2022-07-01T00:00:00+00:00, run_after=2022-07-02T00:00:00+00:00
[2022-07-01 22:23:04,600] {processor.py:161} INFO - Processing /opt/airflow/dags/my_data.py took 0.147 seconds
[2022-07-01 22:23:34,749] {processor.py:153} INFO - Started process (PID=365) to work on /opt/airflow/dags/my_data.py
[2022-07-01 22:23:34,751] {processor.py:641} INFO - Processing file /opt/airflow/dags/my_data.py for tasks to queue
[2022-07-01 22:23:34,753] {logging_mixin.py:115} INFO - [2022-07-01 22:23:34,753] {dagbag.py:507} INFO - Filling up the DagBag from /opt/airflow/dags/my_data.py
[2022-07-01 22:23:34,773] {processor.py:651} INFO - DAG(s) dict_keys(['test']) retrieved from /opt/airflow/dags/my_data.py
[2022-07-01 22:23:34,794] {logging_mixin.py:115} INFO - [2022-07-01 22:23:34,794] {dag.py:2379} INFO - Sync 1 DAGs
[2022-07-01 22:23:34,810] {logging_mixin.py:115} INFO - [2022-07-01 22:23:34,810] {dag.py:2931} INFO - Setting next_dagrun for test to 2022-07-01T00:00:00+00:00, run_after=2022-07-02T00:00:00+00:00
[2022-07-01 22:23:34,915] {processor.py:161} INFO - Processing /opt/airflow/dags/my_data.py took 0.172 seconds
[2022-07-01 22:24:31,404] {processor.py:153} INFO - Started process (PID=33) to work on /opt/airflow/dags/my_data.py
[2022-07-01 22:24:31,406] {processor.py:641} INFO - Processing file /opt/airflow/dags/my_data.py for tasks to queue
[2022-07-01 22:24:31,407] {logging_mixin.py:115} INFO - [2022-07-01 22:24:31,407] {dagbag.py:507} INFO - Filling up the DagBag from /opt/airflow/dags/my_data.py
[2022-07-01 22:24:31,429] {processor.py:651} INFO - DAG(s) dict_keys(['test']) retrieved from /opt/airflow/dags/my_data.py
[2022-07-01 22:24:31,462] {logging_mixin.py:115} INFO - [2022-07-01 22:24:31,462] {dag.py:2379} INFO - Sync 1 DAGs
[2022-07-01 22:24:31,482] {logging_mixin.py:115} INFO - [2022-07-01 22:24:31,482] {dag.py:2931} INFO - Setting next_dagrun for test to 2022-07-01T00:00:00+00:00, run_after=2022-07-02T00:00:00+00:00
[2022-07-01 22:24:31,493] {processor.py:161} INFO - Processing /opt/airflow/dags/my_data.py took 0.091 seconds
[2022-07-01 22:25:01,596] {processor.py:153} INFO - Started process (PID=65) to work on /opt/airflow/dags/my_data.py
[2022-07-01 22:25:01,598] {processor.py:641} INFO - Processing file /opt/airflow/dags/my_data.py for tasks to queue
[2022-07-01 22:25:01,599] {logging_mixin.py:115} INFO - [2022-07-01 22:25:01,599] {dagbag.py:507} INFO - Filling up the DagBag from /opt/airflow/dags/my_data.py
[2022-07-01 22:25:01,625] {processor.py:651} INFO - DAG(s) dict_keys(['test']) retrieved from /opt/airflow/dags/my_data.py
[2022-07-01 22:25:01,648] {logging_mixin.py:115} INFO - [2022-07-01 22:25:01,648] {dag.py:2379} INFO - Sync 1 DAGs
[2022-07-01 22:25:01,674] {logging_mixin.py:115} INFO - [2022-07-01 22:25:01,674] {dag.py:2931} INFO - Setting next_dagrun for test to 2022-07-01T00:00:00+00:00, run_after=2022-07-02T00:00:00+00:00
[2022-07-01 22:25:01,684] {processor.py:161} INFO - Processing /opt/airflow/dags/my_data.py took 0.094 seconds
[2022-07-01 22:25:31,760] {processor.py:153} INFO - Started process (PID=86) to work on /opt/airflow/dags/my_data.py
[2022-07-01 22:25:31,761] {processor.py:641} INFO - Processing file /opt/airflow/dags/my_data.py for tasks to queue
[2022-07-01 22:25:31,763] {logging_mixin.py:115} INFO - [2022-07-01 22:25:31,762] {dagbag.py:507} INFO - Filling up the DagBag from /opt/airflow/dags/my_data.py
[2022-07-01 22:25:31,787] {processor.py:651} INFO - DAG(s) dict_keys(['test']) retrieved from /opt/airflow/dags/my_data.py
[2022-07-01 22:25:31,814] {logging_mixin.py:115} INFO - [2022-07-01 22:25:31,814] {dag.py:2379} INFO - Sync 1 DAGs
[2022-07-01 22:25:31,831] {logging_mixin.py:115} INFO - [2022-07-01 22:25:31,831] {dag.py:2931} INFO - Setting next_dagrun for test to 2022-07-01T00:00:00+00:00, run_after=2022-07-02T00:00:00+00:00
[2022-07-01 22:25:31,839] {processor.py:161} INFO - Processing /opt/airflow/dags/my_data.py took 0.083 seconds
[2022-07-01 22:26:01,888] {processor.py:153} INFO - Started process (PID=124) to work on /opt/airflow/dags/my_data.py
[2022-07-01 22:26:01,895] {processor.py:641} INFO - Processing file /opt/airflow/dags/my_data.py for tasks to queue
[2022-07-01 22:26:01,897] {logging_mixin.py:115} INFO - [2022-07-01 22:26:01,896] {dagbag.py:507} INFO - Filling up the DagBag from /opt/airflow/dags/my_data.py
[2022-07-01 22:26:01,945] {processor.py:651} INFO - DAG(s) dict_keys(['test']) retrieved from /opt/airflow/dags/my_data.py
[2022-07-01 22:26:01,972] {logging_mixin.py:115} INFO - [2022-07-01 22:26:01,972] {dag.py:2379} INFO - Sync 1 DAGs
[2022-07-01 22:26:01,995] {logging_mixin.py:115} INFO - [2022-07-01 22:26:01,995] {dag.py:2931} INFO - Setting next_dagrun for test to 2022-07-01T00:00:00+00:00, run_after=2022-07-02T00:00:00+00:00
[2022-07-01 22:26:02,006] {processor.py:161} INFO - Processing /opt/airflow/dags/my_data.py took 0.130 seconds
