[2022-07-01 22:08:51,720] {manager.py:480} INFO - Processing files using up to 2 processes at a time 
[2022-07-01 22:08:51,722] {manager.py:481} INFO - Process each file at most once every 30 seconds
[2022-07-01 22:08:51,725] {manager.py:483} INFO - Checking for new files in /opt/airflow/dags every 300 seconds
[2022-07-01 22:08:51,727] {manager.py:690} INFO - Searching for files in /opt/airflow/dags
[2022-07-01 22:08:51,730] {manager.py:693} INFO - There are 0 files in /opt/airflow/dags
[2022-07-01 22:13:52,242] {manager.py:690} INFO - Searching for files in /opt/airflow/dags
[2022-07-01 22:13:52,263] {manager.py:693} INFO - There are 0 files in /opt/airflow/dags
[2022-07-01 22:14:12,805] {manager.py:462} INFO - Exiting gracefully upon receiving signal 15
[2022-07-01 22:14:39,380] {manager.py:480} INFO - Processing files using up to 2 processes at a time 
[2022-07-01 22:14:39,382] {manager.py:481} INFO - Process each file at most once every 30 seconds
[2022-07-01 22:14:39,388] {manager.py:483} INFO - Checking for new files in /opt/airflow/dags every 300 seconds
[2022-07-01 22:14:39,397] {manager.py:690} INFO - Searching for files in /opt/airflow/dags
[2022-07-01 22:14:39,404] {manager.py:693} INFO - There are 0 files in /opt/airflow/dags
[2022-07-01 22:17:49,938] {manager.py:462} INFO - Exiting gracefully upon receiving signal 15
[2022-07-01 22:18:19,068] {manager.py:480} INFO - Processing files using up to 2 processes at a time 
[2022-07-01 22:18:19,070] {manager.py:481} INFO - Process each file at most once every 30 seconds
[2022-07-01 22:18:19,074] {manager.py:483} INFO - Checking for new files in /opt/airflow/dags every 300 seconds
[2022-07-01 22:18:19,076] {manager.py:690} INFO - Searching for files in /opt/airflow/dags
[2022-07-01 22:18:19,100] {manager.py:693} INFO - There are 1 files in /opt/airflow/dags
[2022-07-01 22:18:19,157] {manager.py:809} INFO - 
================================================================================
DAG File Processing Stats

File Path                       PID  Runtime      # DAGs    # Errors  Last Runtime    Last Run
----------------------------  -----  ---------  --------  ----------  --------------  ----------
/opt/airflow/dags/my_data.py     34  0.03s             0           0
================================================================================
[2022-07-01 22:18:49,303] {manager.py:809} INFO - 
================================================================================
DAG File Processing Stats

File Path                       PID  Runtime      # DAGs    # Errors  Last Runtime    Last Run
----------------------------  -----  ---------  --------  ----------  --------------  -------------------
/opt/airflow/dags/my_data.py     61  0.01s             0           1  0.12s           2022-07-01T22:18:19
================================================================================
[2022-07-01 22:19:19,665] {manager.py:809} INFO - 
================================================================================
DAG File Processing Stats

File Path                     PID    Runtime      # DAGs    # Errors  Last Runtime    Last Run
----------------------------  -----  ---------  --------  ----------  --------------  -------------------
/opt/airflow/dags/my_data.py                           0           1  0.07s           2022-07-01T22:19:17
================================================================================
[2022-07-01 22:19:49,832] {manager.py:809} INFO - 
================================================================================
DAG File Processing Stats

File Path                     PID    Runtime      # DAGs    # Errors  Last Runtime    Last Run
----------------------------  -----  ---------  --------  ----------  --------------  -------------------
/opt/airflow/dags/my_data.py                           0           1  0.07s           2022-07-01T22:19:36
================================================================================
[2022-07-01 22:20:19,991] {manager.py:809} INFO - 
================================================================================
DAG File Processing Stats

File Path                     PID    Runtime      # DAGs    # Errors  Last Runtime    Last Run
----------------------------  -----  ---------  --------  ----------  --------------  -------------------
/opt/airflow/dags/my_data.py                           0           1  0.05s           2022-07-01T22:20:06
================================================================================
[2022-07-01 22:20:50,159] {manager.py:809} INFO - 
================================================================================
DAG File Processing Stats

File Path                     PID    Runtime      # DAGs    # Errors  Last Runtime    Last Run
----------------------------  -----  ---------  --------  ----------  --------------  -------------------
/opt/airflow/dags/my_data.py                           0           1  0.08s           2022-07-01T22:20:37
================================================================================
[2022-07-01 22:21:20,468] {manager.py:809} INFO - 
================================================================================
DAG File Processing Stats

File Path                     PID    Runtime      # DAGs    # Errors  Last Runtime    Last Run
----------------------------  -----  ---------  --------  ----------  --------------  -------------------
/opt/airflow/dags/my_data.py                           1           0  0.11s           2022-07-01T22:21:08
================================================================================
[2022-07-01 22:21:50,615] {manager.py:809} INFO - 
================================================================================
DAG File Processing Stats

File Path                     PID    Runtime      # DAGs    # Errors  Last Runtime    Last Run
----------------------------  -----  ---------  --------  ----------  --------------  -------------------
/opt/airflow/dags/my_data.py                           1           0  0.27s           2022-07-01T22:21:38
================================================================================
[2022-07-01 22:22:21,006] {manager.py:809} INFO - 
================================================================================
DAG File Processing Stats

File Path                     PID    Runtime      # DAGs    # Errors  Last Runtime    Last Run
----------------------------  -----  ---------  --------  ----------  --------------  -------------------
/opt/airflow/dags/my_data.py                           1           0  0.25s           2022-07-01T22:22:09
================================================================================
[2022-07-01 22:22:51,335] {manager.py:809} INFO - 
================================================================================
DAG File Processing Stats

File Path                     PID    Runtime      # DAGs    # Errors  Last Runtime    Last Run
----------------------------  -----  ---------  --------  ----------  --------------  -------------------
/opt/airflow/dags/my_data.py                           1           0  0.28s           2022-07-01T22:22:39
================================================================================
[2022-07-01 22:23:19,505] {manager.py:690} INFO - Searching for files in /opt/airflow/dags
[2022-07-01 22:23:19,529] {manager.py:693} INFO - There are 1 files in /opt/airflow/dags
[2022-07-01 22:23:21,552] {manager.py:809} INFO - 
================================================================================
DAG File Processing Stats

File Path                     PID    Runtime      # DAGs    # Errors  Last Runtime    Last Run
----------------------------  -----  ---------  --------  ----------  --------------  -------------------
/opt/airflow/dags/my_data.py                           1           0  0.19s           2022-07-01T22:23:04
================================================================================
[2022-07-01 22:23:48,931] {manager.py:462} INFO - Exiting gracefully upon receiving signal 15
[2022-07-01 22:24:31,346] {manager.py:480} INFO - Processing files using up to 2 processes at a time 
[2022-07-01 22:24:31,347] {manager.py:481} INFO - Process each file at most once every 30 seconds
[2022-07-01 22:24:31,350] {manager.py:483} INFO - Checking for new files in /opt/airflow/dags every 300 seconds
[2022-07-01 22:24:31,352] {manager.py:690} INFO - Searching for files in /opt/airflow/dags
[2022-07-01 22:24:31,373] {manager.py:693} INFO - There are 1 files in /opt/airflow/dags
[2022-07-01 22:24:31,406] {manager.py:809} INFO - 
================================================================================
DAG File Processing Stats

File Path                       PID  Runtime      # DAGs    # Errors  Last Runtime    Last Run
----------------------------  -----  ---------  --------  ----------  --------------  ----------
/opt/airflow/dags/my_data.py     33  0.01s             0           0
================================================================================
[2022-07-01 22:25:01,573] {manager.py:809} INFO - 
================================================================================
DAG File Processing Stats

File Path                       PID  Runtime      # DAGs    # Errors  Last Runtime    Last Run
----------------------------  -----  ---------  --------  ----------  --------------  -------------------
/opt/airflow/dags/my_data.py     65  0.01s             1           0  0.11s           2022-07-01T22:24:31
================================================================================
[2022-07-01 22:25:31,742] {manager.py:809} INFO - 
================================================================================
DAG File Processing Stats

File Path                       PID  Runtime      # DAGs    # Errors  Last Runtime    Last Run
----------------------------  -----  ---------  --------  ----------  --------------  -------------------
/opt/airflow/dags/my_data.py     86  0.01s             1           0  0.13s           2022-07-01T22:25:01
================================================================================
[2022-07-01 22:26:01,861] {manager.py:809} INFO - 
================================================================================
DAG File Processing Stats

File Path                       PID  Runtime      # DAGs    # Errors  Last Runtime    Last Run
----------------------------  -----  ---------  --------  ----------  --------------  -------------------
/opt/airflow/dags/my_data.py    124  0.01s             1           0  0.11s           2022-07-01T22:25:31
================================================================================
[2022-07-01 22:26:13,985] {manager.py:462} INFO - Exiting gracefully upon receiving signal 15
